<?xml version="1.0" encoding="UTF-8"?>
<testng-results skipped="0" failed="0" total="1" passed="1">
  <reporter-output>
  </reporter-output>
  <suite name="Default suite" duration-ms="22474" started-at="2020-01-13T11:43:28Z" finished-at="2020-01-13T11:43:51Z">
    <groups>
    </groups>
    <test name="Default test" duration-ms="22474" started-at="2020-01-13T11:43:28Z" finished-at="2020-01-13T11:43:51Z">
      <class name="selenium_training.Handle_WebTables">
        <test-method status="PASS" signature="setUp()[pri:0, instance:selenium_training.Handle_WebTables@68be2bc2]" name="setUp" is-config="true" duration-ms="14114" started-at="2020-01-13T17:13:28Z" finished-at="2020-01-13T17:13:42Z">
          <reporter-output>
          </reporter-output>
        </test-method> <!-- setUp -->
        <test-method status="PASS" signature="test_01()[pri:0, instance:selenium_training.Handle_WebTables@68be2bc2]" name="test_01" duration-ms="8152" started-at="2020-01-13T17:13:42Z" finished-at="2020-01-13T17:13:50Z">
          <reporter-output>
          </reporter-output>
        </test-method> <!-- test_01 -->
        <test-method status="PASS" signature="tearDown()[pri:0, instance:selenium_training.Handle_WebTables@68be2bc2]" name="tearDown" is-config="true" duration-ms="181" started-at="2020-01-13T17:13:50Z" finished-at="2020-01-13T17:13:51Z">
          <reporter-output>
          </reporter-output>
        </test-method> <!-- tearDown -->
      </class> <!-- selenium_training.Handle_WebTables -->
    </test> <!-- Default test -->
  </suite> <!-- Default suite -->
</testng-results>
